    1  su
    2  gem
    3  gem install rails
    4  sudo gem install rails
    5  sudo apt*get install ruby1.9.3-dev
    6  sudo apt-get install ruby1.9.3-dev
    7  sudo apt-get install ruby1.9.3.dev
    8  sudo apt-get install ruby1.9.3-dev
    9  sudo apt-cache search ruby1.9.3
   10  sudo apt-cache search ruby
   11  sudo apt-cache search ruby1.9
   12  sudo apt-get install ruby1.9.1-full
   13  sudo apt-get install ruby1.9.1.dev
   14  sudo apt-get install build-essential libopenssl-ruby1.9.1 libssl-dev zlib1g-dev
   15  sudo gem install rails
   16  ping one
   17  ping one.philnoug.com
   18  pwd
   19  rails test
   20  rails new test
   21  rails new test_install_app
   22  sudo apt-get install sqlite3
   23  cd test_install_app/
   24  bundle install
   25  sudo apt-get install sqlite3.dev
   26  bundle install
   27  rails s
   28  rails c
   29  gem install therubyracer
   30  sudo gem install therubyracer
   31  rails s
   32  nano Gemfile
   33  sudo apt-get install nano
   34  nano Gemfile
   35  rails s
   36  bundle
   37  rails s
   38  free
   39  reboot
   40  sudo reboot
   41  ps ax
   42  top
   43  free
   44  cd test_install_app/
   45  rails s
   46  free
   47  cd ..
   48  ls
   49  sudo apt-get install git
   50  git clone https://adullact.net/anonscm/git/opencantine/opencantine.git
   51  ls
   52  cd opencantine
   53  ls
   54  bundle
   55  sudo apt-get install mysql-server
   56  bundle
   57  sudo apt-get install mysql-devel
   58  sudo apt-get install mysql-dev
   59  sudo apt-get install mysql-client libmysqlclient-dev
   60  bundle
   61  nano Gemfile
   62  git update
   63  git
   64  git pull
   65  cat Gemfile
   66  dundle
   67  bundle
   68  rails s
   69  cd ../test_install_app/
   70  cat Gemfile
   71  git pull
   72  cd ../opencantine/
   73  git pull
   74  bundle
   75  rails s
   76  free
   77  ps ax
   78  sudo reboot
   79  top
   80  ls
   81  sudo service mysql reset-password
   82  sudo dpkg-reconfigure mysql-server-5.5
   83  mysql admin create -u root -pAltecLansing2009 OPENCANTINERAILS
   84  mysqladmin create -u root -pAltecLansing2009 OPENCANTINERAILS
   85  free
   86  mysql -u root -pAltecLansing2009 OPENCANTINERAILS <opencantine20120910.sql 
   87  cd opencantine
   88  ls
   89  rails s
   90  ls /usr/bin/wkhtmltopdf 
   91  wkhtmltopdf 
   92  sudo rails s
   93  ls pdfs/
   94  wkhtmltopdf 
   95  ls -al pdfs/
   96  cd ..
   97  ls -al 
   98  cd opencantine
   99  ls -al 
  100  wkhtmltopdf www.google.com google.pdf
  101  apt-cache search icui
  102  apt-cache search libicui
  103  apt-cache search libi
  104  apt-cache search libicu
  105  wkhtmltopdf www.google.com google.pdf
  106  sudo apt-get install libicu48
  107  wkhtmltopdf www.google.com google.pdf
  108  sudo apt-get install openssl build-essential xorg libssl-dev libxrender-dev
  109  wkhtmltopdf www.google.com googl
  110  wkhtmltopdf www.google.com google
  111  free
  112  sudo apt-get uninstall xorg
  113  sudo apt-get remove xorg
  114  free
  115  sudo reboot
  116  free
  117  wkhtmltopdf www.google.com google.pdf
  118  cd opencantine
  119  rails s
  120  /usr/bin/wkhtmltopdf
  121  sudo apt-cache search wkhtmltopdf
  122  uname -a
  123  sudo apt-cache search htmltopdf
  124  sudo apt-get remove wkhtmltopdf
  125  sudo apt-get install curl
  126  sudo apt-get autoremove
  127  curl
  128  curl -C - -O http://wkhtmltopdf.googlecode.com/files/wkhtmltopdf-0.11.0_rc1-static-amd64.tar.bz2
  129  ls
  130  cd ..
  131  mv opencantine/wkhtmltopdf-0.11.0_rc1-static-amd64.tar.bz2 .
  132  tar xvjf wkhtmltopdf-0.11.0_rc1-static-amd64.tar.bz2 
  133  ls
  134  ./wkhtmltopdf-amd64 
  135  ./wkhtmltopdf-amd64 www.google.fr google.pdf
  136  ls
  137  rm google.pdf 
  138  cp wkhtmltopdf-amd64 /usr/bin/wkhtmltopdf
  139  sudo cp wkhtmltopdf-amd64 /usr/bin/wkhtmltopdf
  140  cd opencantine
  141  rails s
  142  ps ax
  143  free
  144  sudo reboot
  145  cd opencantine
  146  rails s
  147  cd opencantine
  148  free
  149  git pull
  150  rm pdfs/24875.pdf 
  151  rm Gemfile.lock 
  152  git pull
  153  rake db:migrate
  154  rails s
  155  rails s -p 80 -d
  156  tail -f log/development.log 
  157  ps ax
  158  rails s -d
  159  ps ax
  160  free
  161  kill -9 1485
  162  free
  163  ps ax
  164  git pull
  165  sudo rails s -p 80 -d
  166  tail -f log/development.log 
  167  cd opencantine
  168  rails c
  169  git pull
  170  free
  171  cd opencantine
  172  git pull
  173  ps ax
  174  free
  175  history | grep git
  176  git pull
  177  cd opencantine
  178  git pull
  179  ps ax
  180  fre
  181  free
  182  tail log/development.log 
  183  kill -9 1532
  184  sudo kill -9 1532
  185  free
  186  service 
  187  service mysql
  188  service mysql restart
  189  sudo service mysql restart
  190  free
  191  sudo rails s -p 80 -d
  192  top
  193  free
  194  ps ax
  195  free
  196  git pull
  197  cd opencantine
  198  git pull
  199  ps 
  200  ps ax
  201  top
  202  git pull
  203  cd opencantine
  204  git pull
  205  free
  206  ps ax
  207  killall rails
  208  kill -9 23620
  209  sudo kill -9 23620
  210  free
  211  sudo rails s -p 80 -d
  212  git pull
  213  rails c
  214  git pull
  215  free
  216  cd opencantine
  217  fre
  218  free
  219  top
  220  git pull
  221  ps ax
  222  netstat -a
  223  tail -f log/development.log 
  224  git pull
  225  ps
  226  free
  227  ls
  228  rm wkhtmltopdf-0.11.0_rc1-static-amd64.tar.bz2 
  229  ls
  230  free
  231  git pull
  232  cd opencantine
  233  git pull
  234  free
  235  exit
  236  cd opencantine
  237  git pull
  238  ps ax
  239  cd opencantine
  240  git pull
  241  history 
  242  ls
  243  nano MySQLdump.sh
  244  history | grep mysql
  245  nano MySQLdump.sh
  246  echo 'date'
  247  echo 'date'+%Y
  248  echo `Date'+%Y`
  249  echo `Date+%Y`
  250  echo `Date'+%Y'`
  251  echo `date'+%Y'`
  252  echo `date '+%Y'`
  253  nano MySQLdump.sh
  254  chmod +x MySQLdump.sh 
  255  ls -al
  256  ./MySQLdump.sh 
  257  chmod +x MySQLdump.sh 
  258  nano MySQLdump.sh
  259  ./MySQLdump.sh 
  260  ls
  261  gunzip openCantine_2012+10+19.sql.gz 
  262  ls
  263  nano openCantine_2012+10+19.sql 
  264  mysql -u root-pAltecLansing2009
  265  ls
  266  cd opencantine
  267  ld
  268  ls
  269  cat config/database.yml
  270  mysql -u root-pAltecLansing2009 OPENCANTINERAILS
  271  mysql -u root -pAltecLansing2009 OPENCANTINERAILS
  272  cd ..
  273  ls
  274  rm openCantine_2012+10+19.sql 
  275  nano MySQLdump.sh 
  276  ./MySQLdump.sh 
  277  echo `date '+%Y'`
  278  echo `date '+%Y%m'`
  279  echo `date '+%Y%m%d'`
  280  echo `date '+%Y-%m-%d'`
  281  ./MySQLdump.sh 
  282  nano MySQLdump.sh 
  283  ./MySQLdump.sh 
  284  ls -al
  285  rm openCantine_.sql.gz 
  286  gunzip openCantine_2012.10.19.sql.gz 
  287  ls -al
  288  nano openCantine_2012.10.19.sql 
  289  cat openCantine_2012.10.19.sql 
  290  vi openCantine_2012.10.19.sql 
  291  ls
  292  pwd
  293  ls -al
  294  mkdir opencantine_MySQLdump
  295  mv openCantine_2012.10.19.sql opencantine_MySQLdump/
  296  nano openCantine_2012.10.19.sql 
  297  nano MySQLdump.sh 
  298  ls
  299  date
  300  crontab -e
  301  date
  302  cd opencantine_MySQLdump/
  303  ls -al
  304  mv openCantine_2012.10.19.sql opencantine.sql
  305  ls -al
  306  date
  307  ls -al
  308  mount
  309  cd /srv/one_backup/
  310  ls
  311  mkdir opencantine_MySQLdump
  312  nano /home/admin/MySQLdump.sh 
  313  date
  314  crontab -e
  315  ls
  316  cd opencantine_MySQLdump/
  317  ls -al
  318  date
  319  ls -al
  320  du
  321  df
  322  cd
  323  apt-get update
  324  sudo apt-get update
  325  sudo apt-get upgrade
  326  ps ax
  327  free
  328  cd opencantine
  329  tail -f log/development.log 
  330  sudo reboot
  331  cd opencantine
  332  history | rails
  333  history | grep rails
  334  sudo rails s -p 80 -d
  335  free
  336  crontab -e
  337  tail -f log/development.log 
  338  crontab -e
  339  free
  340  ls
  341  ps ax
  342  cd opencantine
  343  cd public/
  344  nano index.html
  345  cat index.html 
  346  mysql -u root -pAltecLansing OPENCANTINERAILS < ../../OPENCANTINERAILS20121019.sql 
  347  mysql -u root -pAltecLansing2009 OPENCANTINERAILS < ../../OPENCANTINERAILS20121019.sql 
  348  cd ..
  349  rake db:migrate
  350  cd public/
  351  mv index.html index.ht
  352  c d.;
  353  cd ..
  354  tail -f log/development.log 
  355  history 
  356  Acd 
  357  cd
  358  top
  359  history > history.log
